Build started 12/8/2011 11:59:28 AM.
     1>Project "D:\PCC\2008-2009\Fall_08\CS_161\cpp_projects\a04\a04\a04.vcxproj" on node 2 (rebuild target(s)).
     1>InitializeBuildStatus:
         Creating "Debug\a04.unsuccessfulbuild" because "AlwaysCreate" was specified.
       ClCompile:
         C:\Program Files\Microsoft Visual Studio 10.0\VC\bin\CL.exe /c /ZI /nologo /W3 /WX- /Od /Oy- /D WIN32 /D _DEBUG /D _CONSOLE /D _UNICODE /D UNICODE /Gm /EHsc /RTC1 /MDd /GS /fp:precise /Zc:wchar_t /Zc:forScope /Fo"Debug\\" /Fd"Debug\vc100.pdb" /Gd /TP /analyze- /errorReport:prompt a04.cpp
         a04.cpp
       ManifestResourceCompile:
         C:\Program Files\Microsoft SDKs\Windows\v7.0A\bin\rc.exe /nologo /fo"Debug\a04.exe.embed.manifest.res" Debug\a04_manifest.rc 
       Link:
         C:\Program Files\Microsoft Visual Studio 10.0\VC\bin\link.exe /ERRORREPORT:PROMPT /OUT:"D:\PCC\2008-2009\Fall_08\CS_161\cpp_projects\a04\Debug\a04.exe" /INCREMENTAL /NOLOGO kernel32.lib user32.lib gdi32.lib winspool.lib comdlg32.lib advapi32.lib shell32.lib ole32.lib oleaut32.lib uuid.lib odbc32.lib odbccp32.lib /MANIFEST /ManifestFile:"Debug\a04.exe.intermediate.manifest" /MANIFESTUAC:"level='asInvoker' uiAccess='false'" /DEBUG /PDB:"D:\PCC\2008-2009\Fall_08\CS_161\cpp_projects\a04\Debug\a04.pdb" /SUBSYSTEM:CONSOLE /TLBID:1 /DYNAMICBASE /NXCOMPAT /IMPLIB:"D:\PCC\2008-2009\Fall_08\CS_161\cpp_projects\a04\Debug\a04.lib" /MACHINE:X86 Debug\a04.exe.embed.manifest.res
         Debug\a04.obj
       Manifest:
         Deleting file "Debug\a04.exe.embed.manifest".
         C:\Program Files\Microsoft SDKs\Windows\v7.0A\bin\mt.exe /nologo /verbose /out:"Debug\a04.exe.embed.manifest" /manifest Debug\a04.exe.intermediate.manifest
         C:\Program Files\Microsoft SDKs\Windows\v7.0A\bin\rc.exe /nologo /fo"Debug\a04.exe.embed.manifest.res" Debug\a04_manifest.rc 
       LinkEmbedManifest:
         C:\Program Files\Microsoft Visual Studio 10.0\VC\bin\link.exe /ERRORREPORT:PROMPT /OUT:"D:\PCC\2008-2009\Fall_08\CS_161\cpp_projects\a04\Debug\a04.exe" /INCREMENTAL /NOLOGO kernel32.lib user32.lib gdi32.lib winspool.lib comdlg32.lib advapi32.lib shell32.lib ole32.lib oleaut32.lib uuid.lib odbc32.lib odbccp32.lib /MANIFEST /ManifestFile:"Debug\a04.exe.intermediate.manifest" /MANIFESTUAC:"level='asInvoker' uiAccess='false'" /DEBUG /PDB:"D:\PCC\2008-2009\Fall_08\CS_161\cpp_projects\a04\Debug\a04.pdb" /SUBSYSTEM:CONSOLE /TLBID:1 /DYNAMICBASE /NXCOMPAT /IMPLIB:"D:\PCC\2008-2009\Fall_08\CS_161\cpp_projects\a04\Debug\a04.lib" /MACHINE:X86 Debug\a04.exe.embed.manifest.res
         Debug\a04.obj
         a04.vcxproj -> D:\PCC\2008-2009\Fall_08\CS_161\cpp_projects\a04\Debug\a04.exe
       FinalizeBuildStatus:
         Deleting file "Debug\a04.unsuccessfulbuild".
         Touching "Debug\a04.lastbuildstate".
     1>Done Building Project "D:\PCC\2008-2009\Fall_08\CS_161\cpp_projects\a04\a04\a04.vcxproj" (rebuild target(s)).

Build succeeded.

Time Elapsed 00:00:04.24
